build/app/intermediates/manifest_merge_blame_file/debug/manifest-merger-blame-debug-report.txt
1<?xml version="1.0" encoding="utf-8"?>
2<manifest xmlns:android="http://schemas.android.com/apk/res/android"
3    package="com.ludo.khelo"
4    android:versionCode="1"
5    android:versionName="1.0.0" >
6
7    <uses-sdk
8        android:minSdkVersion="23"
9        android:targetSdkVersion="33" />
10    <!--
11         Flutter needs it to communicate with the running application
12         to allow setting breakpoints, to provide hot reload, etc.
13    -->
14    <uses-permission android:name="android.permission.INTERNET" />
14-->src/debug/AndroidManifest.xml:6:5-66
14-->src/debug/AndroidManifest.xml:6:22-64
15    <!--
16     io.flutter.app.FlutterApplication is an android.app.Application that
17         calls FlutterMain.startInitialization(this); in its onCreate method.
18         In most cases you can leave this as-is, but you if you want to provide
19         additional functionality it is fine to subclass or reimplement
20         FlutterApplication and put your custom class here.
21    -->
22    <application
22-->src/main/AndroidManifest.xml:8:5-29:19
23        android:appComponentFactory="androidx.core.app.CoreComponentFactory"
23-->[androidx.core:core:1.6.0] AndroidManifest.xml:24:18-86
24        android:debuggable="true"
25        android:extractNativeLibs="false"
26        android:icon="@mipmap/ic_launcher"
26-->src/main/AndroidManifest.xml:10:9-43
27        android:label="ludo" >
27-->src/main/AndroidManifest.xml:9:9-29
28        <activity
28-->src/main/AndroidManifest.xml:11:9-23:20
29            android:name="com.ludo.khelo.MainActivity"
29-->src/main/AndroidManifest.xml:12:13-41
30            android:configChanges="orientation|keyboardHidden|keyboard|screenSize|smallestScreenSize|locale|layoutDirection|fontScale|screenLayout|density|uiMode"
30-->src/main/AndroidManifest.xml:16:13-163
31            android:exported="true"
31-->src/main/AndroidManifest.xml:14:13-36
32            android:hardwareAccelerated="true"
32-->src/main/AndroidManifest.xml:17:13-47
33            android:launchMode="singleTop"
33-->src/main/AndroidManifest.xml:13:13-43
34            android:theme="@style/LaunchTheme"
34-->src/main/AndroidManifest.xml:15:13-47
35            android:windowSoftInputMode="adjustResize" >
35-->src/main/AndroidManifest.xml:18:13-55
36            <intent-filter>
36-->src/main/AndroidManifest.xml:19:13-22:29
37                <action android:name="android.intent.action.MAIN" />
37-->src/main/AndroidManifest.xml:20:17-68
37-->src/main/AndroidManifest.xml:20:25-66
38
39                <category android:name="android.intent.category.LAUNCHER" />
39-->src/main/AndroidManifest.xml:21:17-76
39-->src/main/AndroidManifest.xml:21:27-74
40            </intent-filter>
41        </activity>
42        <!--
43             Don't delete the meta-data below.
44             This is used by the Flutter tool to generate GeneratedPluginRegistrant.java
45        -->
46        <meta-data
46-->src/main/AndroidManifest.xml:26:9-28:33
47            android:name="flutterEmbedding"
47-->src/main/AndroidManifest.xml:27:13-44
48            android:value="2" />
48-->src/main/AndroidManifest.xml:28:13-30
49
50        <uses-library
50-->[androidx.window:window:1.0.0-beta04] AndroidManifest.xml:25:9-27:40
51            android:name="androidx.window.extensions"
51-->[androidx.window:window:1.0.0-beta04] AndroidManifest.xml:26:13-54
52            android:required="false" />
52-->[androidx.window:window:1.0.0-beta04] AndroidManifest.xml:27:13-37
53        <uses-library
53-->[androidx.window:window:1.0.0-beta04] AndroidManifest.xml:28:9-30:40
54            android:name="androidx.window.sidecar"
54-->[androidx.window:window:1.0.0-beta04] AndroidManifest.xml:29:13-51
55            android:required="false" />
55-->[androidx.window:window:1.0.0-beta04] AndroidManifest.xml:30:13-37
56    </application>
57
58</manifest>